2021-Jan-23 23:03:19.719239 INFO [daemon] Bytevelin v0.0.1.1()
2021-Jan-23 23:03:19.721577 INFO [daemon] Module folder: ./Bytevelind
2021-Jan-23 23:03:19.727415 ERROR [currency] failed to parse coinbase tx from hard coded blob
2021-Jan-23 23:03:19.727564 ERROR [currency] Failed to generate genesis block
2021-Jan-24 08:34:07.833757 INFO [daemon] Bytevelin v0.0.1.1()
2021-Jan-24 08:34:07.834599 INFO [daemon] Module folder: ./Bytevelind
2021-Jan-24 08:34:07.837691 INFO [daemon] Initializing p2p server...
2021-Jan-24 08:34:07.839355 INFO [node_server] Binding on 0.0.0.0:40888
2021-Jan-24 08:34:07.839531 INFO [node_server] Net service binded on 0.0.0.0:40888
2021-Jan-24 08:34:07.839655 INFO [node_server] Attempting to add IGD port mapping.
2021-Jan-24 08:34:11.844746 INFO [node_server] No IGD was found.
2021-Jan-24 08:34:11.844982 INFO [daemon] P2p server initialized OK
2021-Jan-24 08:34:11.845117 INFO [daemon] Initializing core...
2021-Jan-24 08:34:11.845381 INFO [Blockchain] Blockchain not loaded, generating genesis block.
2021-Jan-24 08:34:11.845665 INFO [Blockchain] Blockchain initialized. last block: 0, d3126.h3.m34.s11 time ago, current difficulty: 1
2021-Jan-24 08:34:11.845796 INFO [daemon] Core initialized OK
2021-Jan-24 08:34:11.845966 INFO [daemon] Starting core rpc server on address 127.0.0.1:40999
2021-Jan-24 08:34:11.846111 INFO [daemon] Core rpc server started ok
2021-Jan-24 08:34:11.846221 INFO [daemon] Starting p2p net loop...
2021-Jan-24 08:34:11.846313 INFO [node_server] Starting node_server
2021-Jan-24 08:34:26.848846 ERROR [node_server] Failed to connect to any of seed peers, continuing without seeds
2021-Jan-24 08:34:26.849163 INFO [core] 
2021-Jan-24 08:34:26.849163 INFO [core] **********************************************************************
2021-Jan-24 08:34:26.849163 INFO [core] The daemon will start synchronizing with the network. It may take up to several hours.
2021-Jan-24 08:34:26.849163 INFO [core] 
2021-Jan-24 08:34:26.849163 INFO [core] You can set the level of process detailization* through "set_log <level>" command*, where <level> is between 0 (no details) and 4 (very verbose).
2021-Jan-24 08:34:26.849163 INFO [core] 
2021-Jan-24 08:34:26.849163 INFO [core] Use "help" command to see the list of available commands.
2021-Jan-24 08:34:26.849163 INFO [core] 
2021-Jan-24 08:34:26.849163 INFO [core] Note: in case you need to interrupt the process, use "exit" command. Otherwise, the current progress won't be saved.
2021-Jan-24 08:34:26.849163 INFO [core] **********************************************************************
2021-Jan-24 08:34:42.641564 INFO [node_server] Stop signal sent
2021-Jan-24 08:34:42.641745 INFO [node_server] Stopping NodeServer and it's0 connections...
2021-Jan-24 08:34:42.642118 ERROR [node_server] Failed to connect to any of seed peers, continuing without seeds
2021-Jan-24 08:34:43.642470 INFO [node_server] NodeServer loop stopped
2021-Jan-24 08:34:43.642711 INFO [daemon] p2p net loop stopped
2021-Jan-24 08:34:43.642855 INFO [daemon] Stopping core rpc server...
2021-Jan-24 08:34:43.643068 INFO [daemon] Deinitializing core...
2021-Jan-24 08:34:43.643213 INFO [miner] Mining has been stopped, 0 finished
2021-Jan-24 08:34:43.643474 INFO [Blockchain] Saving blockchain...
2021-Jan-24 08:34:43.643616 INFO [BlockCacheSerializer] - saving block index...
2021-Jan-24 08:34:43.643712 INFO [BlockCacheSerializer] - saving transaction map...
2021-Jan-24 08:34:43.643814 INFO [BlockCacheSerializer] - saving spent keys...
2021-Jan-24 08:34:43.643907 INFO [BlockCacheSerializer] - saving outputs...
2021-Jan-24 08:34:43.644006 INFO [BlockCacheSerializer] - saving multi-signature outputs...
2021-Jan-24 08:34:43.644102 INFO [BlockCacheSerializer] Serialization time: 0ms
2021-Jan-24 08:34:43.644203 INFO [Blockchain] Saving blockchain indices...
2021-Jan-24 08:34:43.644318 INFO [BlockchainIndicesSerializer] - saving paymentID index...
2021-Jan-24 08:34:43.644423 INFO [BlockchainIndicesSerializer] - saving timestamp index...
2021-Jan-24 08:34:43.644521 INFO [BlockchainIndicesSerializer] - saving generated transactions index...
2021-Jan-24 08:34:43.644640 INFO [daemon] Deinitializing p2p...
2021-Jan-24 08:34:43.644841 INFO [miner] Mining has been stopped, 0 finished
2021-Jan-24 08:34:43.645110 INFO [daemon] Node stopped.
